<?xml version="1.0" encoding="UTF-8"?>
<!-- Generated by org.testng.reporters.JUnitXMLReporter -->
<testsuite ignored="1" hostname="PCW10MAOC" failures="1" tests="1" name="Default test(failed)" time="0.016" errors="0" timestamp="11 jun 2018 22:50:18 GMT+00:00">
  <testcase classname="automationFramework.EjecutaPrueba" name="case2" time="0.0">
    <failure type="java.lang.AssertionError" message="expected:&amp;lt;11&amp;gt; but was:&amp;lt;12&amp;gt;">
      <![CDATA[java.lang.AssertionError: expected:<11> but was:<12>
at automationFramework.EjecutaPrueba.case2(EjecutaPrueba.java:105)
... Removed 30 stack frames]]>
    </failure>
  </testcase> <!-- case2 -->
  <testcase classname="automationFramework.EjecutaPrueba" name="Login" time="0.0">
    <ignored/>
  </testcase> <!-- Login -->
</testsuite> <!-- Default test(failed) -->
